<?xml version="1.0" encoding="UTF-8"?>
<testsuite xmlns:xsi="http://www.w3.org/2001/XMLSchema-instance" xsi:noNamespaceSchemaLocation="https://maven.apache.org/surefire/maven-surefire-plugin/xsd/surefire-test-report.xsd" name="com.epam.tovarnykh.ta.saucedemo.test.UserLoginTest" time="45.823" tests="6" errors="2" skipped="0" failures="0">
  <properties>
[...]
</properties>
  <testcase name="shouldShowErrorWhenLoginWithEmptyCredentials{User}[1]" classname="com.epam.tovarnykh.ta.saucedemo.test.UserLoginTest" time="9.166"/>
  <testcase name="shouldShowErrorWhenLoginWithEmptyCredentials{User}[2]" classname="com.epam.tovarnykh.ta.saucedemo.test.UserLoginTest" time="8.274">
    <error message="Expected condition failed: waiting for visibility of element located by By.xpath: //h3[@data-test=&apos;error&apos;] (tried for 2 second(s) with 500 milliseconds interval)&#10;Build info: version: &apos;4.23.0&apos;, revision: &apos;4df0a231af&apos;&#10;System info: os.name: &apos;Windows 10&apos;, os.arch: &apos;amd64&apos;, os.version: &apos;10.0&apos;, java.version: &apos;17.0.1&apos;&#10;Driver info: org.openqa.selenium.edge.EdgeDriver&#10;Capabilities {acceptInsecureCerts: false, browserName: MicrosoftEdge, browserVersion: 127.0.2651.98, fedcm:accounts: true, ms:edgeOptions: {debuggerAddress: localhost:49611}, msedge: {msedgedriverVersion: 127.0.2651.98 (9996f88545e1..., userDataDir: C:\Users\milas\AppData\Loca...}, networkConnectionEnabled: false, pageLoadStrategy: normal, platformName: windows, proxy: Proxy(), se:cdp: ws://localhost:49611/devtoo..., se:cdpVersion: 127.0.2651.98, setWindowRect: true, strictFileInteractability: false, timeouts: {implicit: 0, pageLoad: 300000, script: 30000}, unhandledPromptBehavior: dismiss and notify, webauthn:extension:credBlob: true, webauthn:extension:largeBlob: true, webauthn:extension:minPinLength: true, webauthn:extension:prf: true, webauthn:virtualAuthenticators: true}&#10;Session ID: 58b280e98430b1651a02cfe0bfec032a" type="org.openqa.selenium.TimeoutException">org.openqa.selenium.TimeoutException: 
Expected condition failed: waiting for visibility of element located by By.xpath: //h3[@data-test='error'] (tried for 2 second(s) with 500 milliseconds interval)
Build info: version: '4.23.0', revision: '4df0a231af'
System info: os.name: 'Windows 10', os.arch: 'amd64', os.version: '10.0', java.version: '17.0.1'
Driver info: org.openqa.selenium.edge.EdgeDriver
Capabilities {acceptInsecureCerts: false, browserName: MicrosoftEdge, browserVersion: 127.0.2651.98, fedcm:accounts: true, ms:edgeOptions: {debuggerAddress: localhost:49611}, msedge: {msedgedriverVersion: 127.0.2651.98 (9996f88545e1..., userDataDir: C:\Users\milas\AppData\Loca...}, networkConnectionEnabled: false, pageLoadStrategy: normal, platformName: windows, proxy: Proxy(), se:cdp: ws://localhost:49611/devtoo..., se:cdpVersion: 127.0.2651.98, setWindowRect: true, strictFileInteractability: false, timeouts: {implicit: 0, pageLoad: 300000, script: 30000}, unhandledPromptBehavior: dismiss and notify, webauthn:extension:credBlob: true, webauthn:extension:largeBlob: true, webauthn:extension:minPinLength: true, webauthn:extension:prf: true, webauthn:virtualAuthenticators: true}
Session ID: 58b280e98430b1651a02cfe0bfec032a
	at com.epam.tovarnykh.ta.saucedemo.test.UserLoginTest.shouldShowErrorWhenLoginWithEmptyCredentials(UserLoginTest.java:36)
</error>
    <system-out><![CDATA[16:52:14.943 [main] DEBUG i.g.bonigarcia.wdm.WebDriverManager - Using WebDriverManager 5.9.2
16:52:15.230 [main] DEBUG i.g.b.wdm.cache.ResolutionCache - Resolution edge=127 in cache (valid until 17:50:59 15/08/2024 CEST)
16:52:15.231 [main] DEBUG i.g.b.wdm.cache.ResolutionCache - Resolution edge127=127.0.2651.98 in cache (valid until 20:15:50 15/08/2024 CEST)
16:52:15.232 [main] INFO  i.g.bonigarcia.wdm.WebDriverManager - Using msedgedriver 127.0.2651.98 (resolved driver for Edge 127)
16:52:15.288 [main] DEBUG i.g.bonigarcia.wdm.WebDriverManager - Driver msedgedriver 127.0.2651.98 found in cache
16:52:15.289 [main] INFO  i.g.bonigarcia.wdm.WebDriverManager - Exporting webdriver.edge.driver as C:\Users\milas\.cache\selenium\msedgedriver\win64\127.0.2651.98\msedgedriver.exe
16:52:18.904 [main] INFO  c.e.t.ta.saucedemo.page.LoginPage - Login page is open
16:52:19.154 [main] INFO  c.e.t.ta.saucedemo.page.LoginPage - Login was entered inside the login input: standard_user
16:52:19.343 [main] INFO  c.e.t.ta.saucedemo.page.LoginPage - Password was entered inside the password input
16:52:19.410 [main] INFO  c.e.t.ta.saucedemo.page.LoginPage - Login input cleared
16:52:19.484 [main] INFO  c.e.t.ta.saucedemo.page.LoginPage - Password input cleared
16:52:19.638 [main] INFO  c.e.t.ta.saucedemo.page.LoginPage - Login button clicked
]]></system-out>
  </testcase>
  <testcase name="shouldLoginSuccessfullyWithValidCredentials{User}[1]" classname="com.epam.tovarnykh.ta.saucedemo.test.UserLoginTest" time="7.795"/>
  <testcase name="shouldLoginSuccessfullyWithValidCredentials{User}[2]" classname="com.epam.tovarnykh.ta.saucedemo.test.UserLoginTest" time="5.291"/>
  <testcase name="shouldShowErrorWhenPasswordIsMissing{User}[1]" classname="com.epam.tovarnykh.ta.saucedemo.test.UserLoginTest" time="7.339"/>
  <testcase name="shouldShowErrorWhenPasswordIsMissing{User}[2]" classname="com.epam.tovarnykh.ta.saucedemo.test.UserLoginTest" time="7.595">
    <error message="Expected condition failed: waiting for visibility of element located by By.xpath: //h3[@data-test=&apos;error&apos;] (tried for 2 second(s) with 500 milliseconds interval)&#10;Build info: version: &apos;4.23.0&apos;, revision: &apos;4df0a231af&apos;&#10;System info: os.name: &apos;Windows 10&apos;, os.arch: &apos;amd64&apos;, os.version: &apos;10.0&apos;, java.version: &apos;17.0.1&apos;&#10;Driver info: org.openqa.selenium.edge.EdgeDriver&#10;Capabilities {acceptInsecureCerts: false, browserName: MicrosoftEdge, browserVersion: 127.0.2651.98, fedcm:accounts: true, ms:edgeOptions: {debuggerAddress: localhost:49834}, msedge: {msedgedriverVersion: 127.0.2651.98 (9996f88545e1..., userDataDir: C:\Users\milas\AppData\Loca...}, networkConnectionEnabled: false, pageLoadStrategy: normal, platformName: windows, proxy: Proxy(), se:cdp: ws://localhost:49834/devtoo..., se:cdpVersion: 127.0.2651.98, setWindowRect: true, strictFileInteractability: false, timeouts: {implicit: 0, pageLoad: 300000, script: 30000}, unhandledPromptBehavior: dismiss and notify, webauthn:extension:credBlob: true, webauthn:extension:largeBlob: true, webauthn:extension:minPinLength: true, webauthn:extension:prf: true, webauthn:virtualAuthenticators: true}&#10;Session ID: 92762b3625042cfd5cf466276d4e6e9c" type="org.openqa.selenium.TimeoutException">org.openqa.selenium.TimeoutException: 
Expected condition failed: waiting for visibility of element located by By.xpath: //h3[@data-test='error'] (tried for 2 second(s) with 500 milliseconds interval)
Build info: version: '4.23.0', revision: '4df0a231af'
System info: os.name: 'Windows 10', os.arch: 'amd64', os.version: '10.0', java.version: '17.0.1'
Driver info: org.openqa.selenium.edge.EdgeDriver
Capabilities {acceptInsecureCerts: false, browserName: MicrosoftEdge, browserVersion: 127.0.2651.98, fedcm:accounts: true, ms:edgeOptions: {debuggerAddress: localhost:49834}, msedge: {msedgedriverVersion: 127.0.2651.98 (9996f88545e1..., userDataDir: C:\Users\milas\AppData\Loca...}, networkConnectionEnabled: false, pageLoadStrategy: normal, platformName: windows, proxy: Proxy(), se:cdp: ws://localhost:49834/devtoo..., se:cdpVersion: 127.0.2651.98, setWindowRect: true, strictFileInteractability: false, timeouts: {implicit: 0, pageLoad: 300000, script: 30000}, unhandledPromptBehavior: dismiss and notify, webauthn:extension:credBlob: true, webauthn:extension:largeBlob: true, webauthn:extension:minPinLength: true, webauthn:extension:prf: true, webauthn:virtualAuthenticators: true}
Session ID: 92762b3625042cfd5cf466276d4e6e9c
	at com.epam.tovarnykh.ta.saucedemo.test.UserLoginTest.shouldShowErrorWhenPasswordIsMissing(UserLoginTest.java:63)
</error>
    <system-out><![CDATA[16:52:43.638 [main] DEBUG i.g.bonigarcia.wdm.WebDriverManager - Using WebDriverManager 5.9.2
16:52:43.648 [main] DEBUG i.g.b.wdm.cache.ResolutionCache - Resolution edge=127 in cache (valid until 17:50:59 15/08/2024 CEST)
16:52:43.648 [main] DEBUG i.g.b.wdm.cache.ResolutionCache - Resolution edge127=127.0.2651.98 in cache (valid until 20:15:50 15/08/2024 CEST)
16:52:43.648 [main] INFO  i.g.bonigarcia.wdm.WebDriverManager - Using msedgedriver 127.0.2651.98 (resolved driver for Edge 127)
16:52:43.677 [main] DEBUG i.g.bonigarcia.wdm.WebDriverManager - Driver msedgedriver 127.0.2651.98 found in cache
16:52:43.677 [main] INFO  i.g.bonigarcia.wdm.WebDriverManager - Exporting webdriver.edge.driver as C:\Users\milas\.cache\selenium\msedgedriver\win64\127.0.2651.98\msedgedriver.exe
16:52:47.035 [main] INFO  c.e.t.ta.saucedemo.page.LoginPage - Login page is open
16:52:47.275 [main] INFO  c.e.t.ta.saucedemo.page.LoginPage - Login was entered inside the login input: standard_user
16:52:47.464 [main] INFO  c.e.t.ta.saucedemo.page.LoginPage - Password was entered inside the password input
16:52:47.523 [main] INFO  c.e.t.ta.saucedemo.page.LoginPage - Password input cleared
16:52:47.667 [main] INFO  c.e.t.ta.saucedemo.page.LoginPage - Login button clicked
]]></system-out>
  </testcase>
</testsuite>