<?xml version="1.0" encoding="UTF-8"?>
<testsuite xmlns:xsi="http://www.w3.org/2001/XMLSchema-instance" xsi:noNamespaceSchemaLocation="https://maven.apache.org/surefire/maven-surefire-plugin/xsd/surefire-test-report.xsd" name="com.epam.tovarnykh.ta.saucedemo.test.UserLoginTest" time="22.619" tests="6" errors="0" skipped="0" failures="0">
  <properties>
[...]
</properties>
  <testcase name="shouldLoginSuccessfullyWithValidCredentials{User}[1]" classname="com.epam.tovarnykh.ta.saucedemo.test.UserLoginTest" time="21.319"/>
  <testcase name="shouldShowErrorWhenPasswordIsMissing{User}[1]" classname="com.epam.tovarnykh.ta.saucedemo.test.UserLoginTest" time="21.437"/>
  <testcase name="shouldShowErrorWhenLoginWithEmptyCredentials{User}[1]" classname="com.epam.tovarnykh.ta.saucedemo.test.UserLoginTest" time="21.489"/>
  <testcase name="shouldLoginSuccessfullyWithValidCredentials{User}[2]" classname="com.epam.tovarnykh.ta.saucedemo.test.UserLoginTest" time="21.818"/>
  <testcase name="shouldShowErrorWhenPasswordIsMissing{User}[2]" classname="com.epam.tovarnykh.ta.saucedemo.test.UserLoginTest" time="21.977"/>
  <testcase name="shouldShowErrorWhenLoginWithEmptyCredentials{User}[2]" classname="com.epam.tovarnykh.ta.saucedemo.test.UserLoginTest" time="22.216"/>
</testsuite>